<?xml version="1.0" encoding="UTF-8"?>
<!-- Generated by org.testng.reporters.JUnitReportReporter -->
<testsuite hostname="DESKTOP-LBB4HR3" failures="0" tests="1" name="mar5th.DragAndDrop" time="47.399" errors="0" timestamp="2024-06-27T08:06:00 IST" skipped="0">
  <testcase classname="mar5th.DragAndDrop" name="dragAndDropTest" time="47.399"/>
</testsuite> <!-- mar5th.DragAndDrop -->
