<?xml version="1.0" encoding="UTF-8"?>
<!-- Generated by org.testng.reporters.JUnitReportReporter -->
<testsuite hostname="DESKTOP-LBB4HR3" failures="0" tests="1" name="mar5th.MouseHover3Assignment" time="19.114" errors="0" timestamp="2024-03-06T17:11:52 IST" skipped="0">
  <testcase classname="mar5th.MouseHover3Assignment" name="mouseHoverAssignment3Test" time="19.114"/>
</testsuite> <!-- mar5th.MouseHover3Assignment -->
