<?xml version="1.0" encoding="UTF-8"?>
<!-- Generated by org.testng.reporters.JUnitReportReporter -->
<testsuite hostname="DESKTOP-LBB4HR3" failures="0" tests="1" name="mar12th.Screenshot2" time="22.380" errors="0" timestamp="2024-06-28T13:25:46 IST" skipped="0">
  <testcase classname="mar12th.Screenshot2" name="screenshotTest" time="22.380"/>
</testsuite> <!-- mar12th.Screenshot2 -->
