<?xml version="1.0" encoding="UTF-8"?>
<!-- Generated by org.testng.reporters.JUnitReportReporter -->
<testsuite hostname="DESKTOP-LBB4HR3" failures="0" tests="1" name="mar5th.MouseHover2" time="37.120" errors="0" timestamp="2024-03-06T14:17:23 IST" skipped="0">
  <testcase classname="mar5th.MouseHover2" name="mouseHover2Test" time="37.120"/>
</testsuite> <!-- mar5th.MouseHover2 -->
