<?xml version="1.0" encoding="UTF-8"?>
<!-- Generated by org.testng.reporters.JUnitReportReporter -->
<testsuite hostname="DESKTOP-LBB4HR3" failures="0" tests="1" name="mar6th.FramesHandling" time="29.060" errors="0" timestamp="2024-03-07T15:08:48 IST" skipped="0">
  <testcase classname="mar6th.FramesHandling" name="framesHandlingTest" time="29.060"/>
</testsuite> <!-- mar6th.FramesHandling -->
