<?xml version="1.0" encoding="UTF-8"?>
<!-- Generated by org.testng.reporters.JUnitReportReporter -->
<testsuite hostname="DESKTOP-LBB4HR3" failures="0" tests="1" name="mar12th.JavaScriptExecutorDemo2" time="65.047" errors="0" timestamp="2024-07-01T16:52:55 IST" skipped="0">
  <testcase classname="mar12th.JavaScriptExecutorDemo2" name="javaScriptExecutorDemo2Test" time="65.047"/>
</testsuite> <!-- mar12th.JavaScriptExecutorDemo2 -->
