<?xml version="1.0" encoding="UTF-8"?>
<!-- Generated by org.testng.reporters.JUnitReportReporter -->
<testsuite hostname="DESKTOP-LBB4HR3" failures="0" tests="1" name="mar6th.MultipleWindowsHandling1" time="55.755" errors="0" timestamp="2024-06-27T08:19:02 IST" skipped="0">
  <testcase classname="mar6th.MultipleWindowsHandling1" name="multipleWindowsHandling1Test" time="55.755"/>
</testsuite> <!-- mar6th.MultipleWindowsHandling1 -->
