<?xml version="1.0" encoding="UTF-8"?>
<!-- Generated by org.testng.reporters.JUnitReportReporter -->
<testsuite hostname="DESKTOP-LBB4HR3" failures="0" tests="1" name="mar6th.MultipleWindowsHandling2" time="59.369" errors="0" timestamp="2024-03-07T14:44:03 IST" skipped="0">
  <testcase classname="mar6th.MultipleWindowsHandling2" name="multipleWindowsHandling2Test" time="59.369"/>
</testsuite> <!-- mar6th.MultipleWindowsHandling2 -->
