<?xml version="1.0" encoding="UTF-8"?>
<!-- Generated by org.testng.reporters.JUnitReportReporter -->
<testsuite hostname="DESKTOP-LBB4HR3" failures="0" tests="1" name="mar13th.ScrollDemo2$ScrollDemo1" time="39.269" errors="0" timestamp="2024-03-14T17:16:16 IST" skipped="0">
  <testcase classname="mar13th.ScrollDemo2$ScrollDemo1" name="scrollDemo2Test" time="39.269"/>
</testsuite> <!-- mar13th.ScrollDemo2$ScrollDemo1 -->
