<?xml version="1.0" encoding="UTF-8"?>
<!-- Generated by org.testng.reporters.JUnitReportReporter -->
<testsuite hostname="DESKTOP-LBB4HR3" failures="0" tests="1" name="mar15th.WebTable1" time="137.112" errors="0" timestamp="2024-07-01T19:09:06 IST" skipped="0">
  <testcase classname="mar15th.WebTable1" name="webTable1Test" time="137.112"/>
</testsuite> <!-- mar15th.WebTable1 -->
