<?xml version="1.0" encoding="UTF-8"?>
<!-- Generated by org.testng.reporters.JUnitReportReporter -->
<testsuite hostname="DESKTOP-LBB4HR3" failures="0" tests="1" name="mar12th.WebElementScreenshot4" time="40.533" errors="0" timestamp="2024-03-13T12:23:53 IST" skipped="0">
  <testcase classname="mar12th.WebElementScreenshot4" name="screenshotTest" time="40.533"/>
</testsuite> <!-- mar12th.WebElementScreenshot4 -->
