<?xml version="1.0" encoding="UTF-8"?>
<!-- Generated by org.testng.reporters.JUnitReportReporter -->
<testsuite hostname="DESKTOP-LBB4HR3" failures="0" tests="1" name="mar14th.WaitsDemo2" time="48.585" errors="0" timestamp="2024-07-01T18:08:59 IST" skipped="0">
  <testcase classname="mar14th.WaitsDemo2" name="waitsTest" time="48.585"/>
</testsuite> <!-- mar14th.WaitsDemo2 -->
