<?xml version="1.0" encoding="UTF-8"?>
<!-- Generated by org.testng.reporters.JUnitReportReporter -->
<testsuite hostname="DESKTOP-LBB4HR3" failures="0" tests="1" name="apr3rd.FileUploading" time="85.522" errors="0" timestamp="2024-04-04T16:42:23 IST" skipped="0">
  <testcase classname="apr3rd.FileUploading" name="framesHandling2Test" time="85.522"/>
</testsuite> <!-- apr3rd.FileUploading -->
