<?xml version="1.0" encoding="UTF-8"?>
<!-- Generated by org.testng.reporters.JUnitReportReporter -->
<testsuite hostname="DESKTOP-LBB4HR3" failures="0" tests="1" name="mar4th.MouseHover1" time="24.769" errors="0" timestamp="2024-03-06T13:35:58 IST" skipped="0">
  <testcase classname="mar4th.MouseHover1" name="mouseHover1Test" time="24.769"/>
</testsuite> <!-- mar4th.MouseHover1 -->
