<?xml version="1.0" encoding="UTF-8"?>
<!-- Generated by org.testng.reporters.JUnitReportReporter -->
<testsuite hostname="DESKTOP-LBB4HR3" failures="0" tests="1" name="mar12th.Screenshot3" time="49.764" errors="0" timestamp="2024-06-28T13:38:38 IST" skipped="0">
  <testcase classname="mar12th.Screenshot3" name="screenshotTest" time="49.764"/>
</testsuite> <!-- mar12th.Screenshot3 -->
