<?xml version="1.0" encoding="UTF-8"?>
<!-- Generated by org.testng.reporters.JUnitReportReporter -->
<testsuite hostname="DESKTOP-LBB4HR3" failures="0" tests="4" name="mar4th.ValidateAdactinLogin" time="111.113" errors="0" timestamp="2024-03-05T17:24:41 IST" skipped="0">
  <testcase classname="mar4th.ValidateAdactinLogin" name="validateAdactinLoginTest1" time="47.939"/>
  <testcase classname="mar4th.ValidateAdactinLogin" name="validateAdactinLoginTest3" time="18.617"/>
  <testcase classname="mar4th.ValidateAdactinLogin" name="validateAdactinLoginTest4" time="27.574"/>
  <testcase classname="mar4th.ValidateAdactinLogin" name="validateAdactinLoginTest2" time="16.983"/>
</testsuite> <!-- mar4th.ValidateAdactinLogin -->
