<?xml version="1.0" encoding="UTF-8"?>
<!-- Generated by org.testng.reporters.JUnitReportReporter -->
<testsuite hostname="DESKTOP-LBB4HR3" failures="0" tests="1" name="mar7th.FramesHandlingAssignment" time="93.876" errors="0" timestamp="2024-06-27T14:37:49 IST" skipped="0">
  <testcase classname="mar7th.FramesHandlingAssignment" name="framesHandlingAssignmentTest" time="93.876"/>
</testsuite> <!-- mar7th.FramesHandlingAssignment -->
