<?xml version="1.0" encoding="UTF-8"?>
<!-- Generated by org.testng.reporters.JUnitReportReporter -->
<testsuite hostname="DESKTOP-LBB4HR3" failures="0" tests="1" name="mar5th.DragAndDropEMICalAssignment" time="45.991" errors="0" timestamp="2024-06-27T08:07:48 IST" skipped="0">
  <testcase classname="mar5th.DragAndDropEMICalAssignment" name="dragAndDropAssignmentTest" time="45.991"/>
</testsuite> <!-- mar5th.DragAndDropEMICalAssignment -->
