<?xml version="1.0" encoding="UTF-8"?>
<!-- Generated by org.testng.reporters.JUnitReportReporter -->
<testsuite hostname="DESKTOP-LBB4HR3" failures="0" tests="1" name="mar11th.ScreenShot1" time="29.788" errors="0" timestamp="2024-06-28T13:11:51 IST" skipped="0">
  <testcase classname="mar11th.ScreenShot1" name="screenshotTest" time="29.788"/>
</testsuite> <!-- mar11th.ScreenShot1 -->
