<?xml version="1.0" encoding="UTF-8"?>
<!-- Generated by org.testng.reporters.JUnitReportReporter -->
<testsuite hostname="DESKTOP-LBB4HR3" failures="0" tests="1" name="mar13th.ScrollDemo2" time="133.299" errors="0" timestamp="2024-07-01T17:01:20 IST" skipped="0">
  <testcase classname="mar13th.ScrollDemo2" name="scrollDemo2Test" time="133.299"/>
</testsuite> <!-- mar13th.ScrollDemo2 -->
