<?xml version="1.0" encoding="UTF-8"?>
<!-- Generated by org.testng.reporters.JUnitReportReporter -->
<testsuite hostname="DESKTOP-LBB4HR3" failures="0" tests="3" name="mar2nd.AdactinLogin" time="0.055" errors="0" timestamp="2024-03-04T20:16:49 IST" skipped="0">
  <testcase classname="mar2nd.AdactinLogin" name="loginUsingInValidUsernameAndValidPassword" time="0.017"/>
  <testcase classname="mar2nd.AdactinLogin" name="loginUsingValidUsernameAndValidPassword" time="0.015"/>
  <testcase classname="mar2nd.AdactinLogin" name="loginUsingValidUsernameAndInValidPassword" time="0.023"/>
</testsuite> <!-- mar2nd.AdactinLogin -->
