<?xml version="1.0" encoding="UTF-8"?>
<!-- Generated by org.testng.reporters.JUnitReportReporter -->
<testsuite hostname="DESKTOP-LBB4HR3" failures="0" tests="2" name="mar15th.RadioButton" time="39.986" errors="0" timestamp="2024-07-01T18:26:38 IST" skipped="0">
  <testcase classname="mar15th.RadioButton" name="radioButtonTest2" time="22.540"/>
  <testcase classname="mar15th.RadioButton" name="radioButtonTest" time="17.446"/>
</testsuite> <!-- mar15th.RadioButton -->
