<?xml version="1.0" encoding="UTF-8"?>
<!-- Generated by org.testng.reporters.JUnitReportReporter -->
<testsuite hostname="DESKTOP-LBB4HR3" failures="0" tests="1" name="mar14th.WaitsDemo4" time="22.231" errors="0" timestamp="2024-07-01T18:17:55 IST" skipped="0">
  <testcase classname="mar14th.WaitsDemo4" name="waitsTest" time="22.231"/>
</testsuite> <!-- mar14th.WaitsDemo4 -->
