<?xml version="1.0" encoding="UTF-8"?>
<!-- Generated by org.testng.reporters.JUnitReportReporter -->
<testsuite hostname="DESKTOP-LBB4HR3" failures="0" tests="3" name="mar15th.CheckBox" time="75.588" errors="0" timestamp="2024-07-01T18:45:34 IST" skipped="0">
  <testcase classname="mar15th.CheckBox" name="checkBoxTest3" time="22.287"/>
  <testcase classname="mar15th.CheckBox" name="checkBoxTest" time="16.140"/>
  <testcase classname="mar15th.CheckBox" name="checkBoxTest2" time="37.161"/>
</testsuite> <!-- mar15th.CheckBox -->
