<?xml version="1.0" encoding="UTF-8"?>
<!-- Generated by org.testng.reporters.JUnitReportReporter -->
<testsuite hostname="DESKTOP-LBB4HR3" failures="0" tests="1" name="mar14th.WaitsDemo3" time="16.973" errors="0" timestamp="2024-07-01T18:12:48 IST" skipped="0">
  <testcase classname="mar14th.WaitsDemo3" name="waitsTest" time="16.973"/>
</testsuite> <!-- mar14th.WaitsDemo3 -->
