<?xml version="1.0" encoding="UTF-8"?>
<!-- Generated by org.testng.reporters.JUnitReportReporter -->
<testsuite hostname="DESKTOP-LBB4HR3" failures="0" tests="1" name="mar7th.FramesHandling2" time="40.472" errors="0" timestamp="2024-06-27T14:33:40 IST" skipped="0">
  <testcase classname="mar7th.FramesHandling2" name="framesHandling2Test" time="40.472"/>
</testsuite> <!-- mar7th.FramesHandling2 -->
