<?xml version="1.0" encoding="UTF-8"?>
<!-- Generated by org.testng.reporters.JUnitReportReporter -->
<testsuite hostname="DESKTOP-LBB4HR3" failures="0" tests="1" name="mar13th.ScrollDemo1" time="97.414" errors="0" timestamp="2024-07-01T16:56:17 IST" skipped="0">
  <testcase classname="mar13th.ScrollDemo1" name="scrollDemo1Test" time="97.414"/>
</testsuite> <!-- mar13th.ScrollDemo1 -->
